{"level":"info","message":"Server running on port 32156","timestamp":"2025-03-07T10:57:13.002Z"}
{"level":"info","message":"Server running on port 32156","timestamp":"2025-03-07T11:46:30.552Z"}
{"level":"info","message":"Server running on port 32156","timestamp":"2025-03-07T15:39:02.291Z"}
{"level":"info","message":"Server running on port 32156","timestamp":"2025-03-07T16:56:26.967Z"}
{"level":"info","message":"Server running on port 32156","timestamp":"2025-03-07T18:10:28.280Z"}
{"level":"error","message":"Authentication error: jwt malformed","name":"JsonWebTokenError","stack":"JsonWebTokenError: jwt malformed\n    at module.exports [as verify] (/home/valmira_contracts_server/node_modules/jsonwebtoken/verify.js:70:17)\n    at authenticateToken (/home/valmira_contracts_server/src/index.js:79:25)\n    at Layer.handle [as handle_request] (/home/valmira_contracts_server/node_modules/express/lib/router/layer.js:95:5)\n    at next (/home/valmira_contracts_server/node_modules/express/lib/router/route.js:149:13)\n    at Route.dispatch (/home/valmira_contracts_server/node_modules/express/lib/router/route.js:119:3)\n    at Layer.handle [as handle_request] (/home/valmira_contracts_server/node_modules/express/lib/router/layer.js:95:5)\n    at /home/valmira_contracts_server/node_modules/express/lib/router/index.js:284:15\n    at Function.process_params (/home/valmira_contracts_server/node_modules/express/lib/router/index.js:346:12)\n    at next (/home/valmira_contracts_server/node_modules/express/lib/router/index.js:280:10)\n    at /home/valmira_contracts_server/node_modules/body-parser/lib/read.js:137:5","timestamp":"2025-03-07T18:10:34.971Z"}
{"level":"error","message":"Authentication error: jwt malformed","name":"JsonWebTokenError","stack":"JsonWebTokenError: jwt malformed\n    at module.exports [as verify] (/home/valmira_contracts_server/node_modules/jsonwebtoken/verify.js:70:17)\n    at authenticateToken (/home/valmira_contracts_server/src/index.js:79:25)\n    at Layer.handle [as handle_request] (/home/valmira_contracts_server/node_modules/express/lib/router/layer.js:95:5)\n    at next (/home/valmira_contracts_server/node_modules/express/lib/router/route.js:149:13)\n    at Route.dispatch (/home/valmira_contracts_server/node_modules/express/lib/router/route.js:119:3)\n    at Layer.handle [as handle_request] (/home/valmira_contracts_server/node_modules/express/lib/router/layer.js:95:5)\n    at /home/valmira_contracts_server/node_modules/express/lib/router/index.js:284:15\n    at Function.process_params (/home/valmira_contracts_server/node_modules/express/lib/router/index.js:346:12)\n    at next (/home/valmira_contracts_server/node_modules/express/lib/router/index.js:280:10)\n    at /home/valmira_contracts_server/node_modules/body-parser/lib/read.js:137:5","timestamp":"2025-03-07T18:10:37.772Z"}
{"level":"error","message":"Authentication error: jwt malformed","name":"JsonWebTokenError","stack":"JsonWebTokenError: jwt malformed\n    at module.exports [as verify] (/home/valmira_contracts_server/node_modules/jsonwebtoken/verify.js:70:17)\n    at authenticateToken (/home/valmira_contracts_server/src/index.js:79:25)\n    at Layer.handle [as handle_request] (/home/valmira_contracts_server/node_modules/express/lib/router/layer.js:95:5)\n    at next (/home/valmira_contracts_server/node_modules/express/lib/router/route.js:149:13)\n    at Route.dispatch (/home/valmira_contracts_server/node_modules/express/lib/router/route.js:119:3)\n    at Layer.handle [as handle_request] (/home/valmira_contracts_server/node_modules/express/lib/router/layer.js:95:5)\n    at /home/valmira_contracts_server/node_modules/express/lib/router/index.js:284:15\n    at Function.process_params (/home/valmira_contracts_server/node_modules/express/lib/router/index.js:346:12)\n    at next (/home/valmira_contracts_server/node_modules/express/lib/router/index.js:280:10)\n    at /home/valmira_contracts_server/node_modules/body-parser/lib/read.js:137:5","timestamp":"2025-03-07T18:10:41.058Z"}
{"level":"error","message":"Authentication error: jwt malformed","name":"JsonWebTokenError","stack":"JsonWebTokenError: jwt malformed\n    at module.exports [as verify] (/home/valmira_contracts_server/node_modules/jsonwebtoken/verify.js:70:17)\n    at authenticateToken (/home/valmira_contracts_server/src/index.js:79:25)\n    at Layer.handle [as handle_request] (/home/valmira_contracts_server/node_modules/express/lib/router/layer.js:95:5)\n    at next (/home/valmira_contracts_server/node_modules/express/lib/router/route.js:149:13)\n    at Route.dispatch (/home/valmira_contracts_server/node_modules/express/lib/router/route.js:119:3)\n    at Layer.handle [as handle_request] (/home/valmira_contracts_server/node_modules/express/lib/router/layer.js:95:5)\n    at /home/valmira_contracts_server/node_modules/express/lib/router/index.js:284:15\n    at Function.process_params (/home/valmira_contracts_server/node_modules/express/lib/router/index.js:346:12)\n    at next (/home/valmira_contracts_server/node_modules/express/lib/router/index.js:280:10)\n    at /home/valmira_contracts_server/node_modules/body-parser/lib/read.js:137:5","timestamp":"2025-03-07T18:10:43.703Z"}
{"level":"error","message":"Authentication error: invalid signature","name":"JsonWebTokenError","stack":"JsonWebTokenError: invalid signature\n    at /home/valmira_contracts_server/node_modules/jsonwebtoken/verify.js:171:19\n    at getSecret (/home/valmira_contracts_server/node_modules/jsonwebtoken/verify.js:97:14)\n    at module.exports [as verify] (/home/valmira_contracts_server/node_modules/jsonwebtoken/verify.js:101:10)\n    at authenticateToken (/home/valmira_contracts_server/src/index.js:79:25)\n    at Layer.handle [as handle_request] (/home/valmira_contracts_server/node_modules/express/lib/router/layer.js:95:5)\n    at next (/home/valmira_contracts_server/node_modules/express/lib/router/route.js:149:13)\n    at Route.dispatch (/home/valmira_contracts_server/node_modules/express/lib/router/route.js:119:3)\n    at Layer.handle [as handle_request] (/home/valmira_contracts_server/node_modules/express/lib/router/layer.js:95:5)\n    at /home/valmira_contracts_server/node_modules/express/lib/router/index.js:284:15\n    at Function.process_params (/home/valmira_contracts_server/node_modules/express/lib/router/index.js:346:12)","timestamp":"2025-03-07T18:12:44.338Z"}
{"level":"error","message":"Authentication error: invalid signature","name":"JsonWebTokenError","stack":"JsonWebTokenError: invalid signature\n    at /home/valmira_contracts_server/node_modules/jsonwebtoken/verify.js:171:19\n    at getSecret (/home/valmira_contracts_server/node_modules/jsonwebtoken/verify.js:97:14)\n    at module.exports [as verify] (/home/valmira_contracts_server/node_modules/jsonwebtoken/verify.js:101:10)\n    at authenticateToken (/home/valmira_contracts_server/src/index.js:79:25)\n    at Layer.handle [as handle_request] (/home/valmira_contracts_server/node_modules/express/lib/router/layer.js:95:5)\n    at next (/home/valmira_contracts_server/node_modules/express/lib/router/route.js:149:13)\n    at Route.dispatch (/home/valmira_contracts_server/node_modules/express/lib/router/route.js:119:3)\n    at Layer.handle [as handle_request] (/home/valmira_contracts_server/node_modules/express/lib/router/layer.js:95:5)\n    at /home/valmira_contracts_server/node_modules/express/lib/router/index.js:284:15\n    at Function.process_params (/home/valmira_contracts_server/node_modules/express/lib/router/index.js:346:12)","timestamp":"2025-03-07T18:12:47.011Z"}
{"level":"error","message":"Authentication error: invalid signature","name":"JsonWebTokenError","stack":"JsonWebTokenError: invalid signature\n    at /home/valmira_contracts_server/node_modules/jsonwebtoken/verify.js:171:19\n    at getSecret (/home/valmira_contracts_server/node_modules/jsonwebtoken/verify.js:97:14)\n    at module.exports [as verify] (/home/valmira_contracts_server/node_modules/jsonwebtoken/verify.js:101:10)\n    at authenticateToken (/home/valmira_contracts_server/src/index.js:79:25)\n    at Layer.handle [as handle_request] (/home/valmira_contracts_server/node_modules/express/lib/router/layer.js:95:5)\n    at next (/home/valmira_contracts_server/node_modules/express/lib/router/route.js:149:13)\n    at Route.dispatch (/home/valmira_contracts_server/node_modules/express/lib/router/route.js:119:3)\n    at Layer.handle [as handle_request] (/home/valmira_contracts_server/node_modules/express/lib/router/layer.js:95:5)\n    at /home/valmira_contracts_server/node_modules/express/lib/router/index.js:284:15\n    at Function.process_params (/home/valmira_contracts_server/node_modules/express/lib/router/index.js:346:12)","timestamp":"2025-03-07T18:12:50.321Z"}
{"level":"error","message":"Authentication error: invalid signature","name":"JsonWebTokenError","stack":"JsonWebTokenError: invalid signature\n    at /home/valmira_contracts_server/node_modules/jsonwebtoken/verify.js:171:19\n    at getSecret (/home/valmira_contracts_server/node_modules/jsonwebtoken/verify.js:97:14)\n    at module.exports [as verify] (/home/valmira_contracts_server/node_modules/jsonwebtoken/verify.js:101:10)\n    at authenticateToken (/home/valmira_contracts_server/src/index.js:79:25)\n    at Layer.handle [as handle_request] (/home/valmira_contracts_server/node_modules/express/lib/router/layer.js:95:5)\n    at next (/home/valmira_contracts_server/node_modules/express/lib/router/route.js:149:13)\n    at Route.dispatch (/home/valmira_contracts_server/node_modules/express/lib/router/route.js:119:3)\n    at Layer.handle [as handle_request] (/home/valmira_contracts_server/node_modules/express/lib/router/layer.js:95:5)\n    at /home/valmira_contracts_server/node_modules/express/lib/router/index.js:284:15\n    at Function.process_params (/home/valmira_contracts_server/node_modules/express/lib/router/index.js:346:12)","timestamp":"2025-03-07T18:12:53.430Z"}
{"level":"error","message":"Authentication error: invalid signature","name":"JsonWebTokenError","stack":"JsonWebTokenError: invalid signature\n    at /home/valmira_contracts_server/node_modules/jsonwebtoken/verify.js:171:19\n    at getSecret (/home/valmira_contracts_server/node_modules/jsonwebtoken/verify.js:97:14)\n    at module.exports [as verify] (/home/valmira_contracts_server/node_modules/jsonwebtoken/verify.js:101:10)\n    at authenticateToken (/home/valmira_contracts_server/src/index.js:79:25)\n    at Layer.handle [as handle_request] (/home/valmira_contracts_server/node_modules/express/lib/router/layer.js:95:5)\n    at next (/home/valmira_contracts_server/node_modules/express/lib/router/route.js:149:13)\n    at Route.dispatch (/home/valmira_contracts_server/node_modules/express/lib/router/route.js:119:3)\n    at Layer.handle [as handle_request] (/home/valmira_contracts_server/node_modules/express/lib/router/layer.js:95:5)\n    at /home/valmira_contracts_server/node_modules/express/lib/router/index.js:284:15\n    at Function.process_params (/home/valmira_contracts_server/node_modules/express/lib/router/index.js:346:12)","timestamp":"2025-03-07T18:18:01.208Z"}
{"level":"error","message":"Authentication error: invalid signature","name":"JsonWebTokenError","stack":"JsonWebTokenError: invalid signature\n    at /home/valmira_contracts_server/node_modules/jsonwebtoken/verify.js:171:19\n    at getSecret (/home/valmira_contracts_server/node_modules/jsonwebtoken/verify.js:97:14)\n    at module.exports [as verify] (/home/valmira_contracts_server/node_modules/jsonwebtoken/verify.js:101:10)\n    at authenticateToken (/home/valmira_contracts_server/src/index.js:79:25)\n    at Layer.handle [as handle_request] (/home/valmira_contracts_server/node_modules/express/lib/router/layer.js:95:5)\n    at next (/home/valmira_contracts_server/node_modules/express/lib/router/route.js:149:13)\n    at Route.dispatch (/home/valmira_contracts_server/node_modules/express/lib/router/route.js:119:3)\n    at Layer.handle [as handle_request] (/home/valmira_contracts_server/node_modules/express/lib/router/layer.js:95:5)\n    at /home/valmira_contracts_server/node_modules/express/lib/router/index.js:284:15\n    at Function.process_params (/home/valmira_contracts_server/node_modules/express/lib/router/index.js:346:12)","timestamp":"2025-03-07T18:18:03.865Z"}
{"level":"error","message":"Authentication error: invalid signature","name":"JsonWebTokenError","stack":"JsonWebTokenError: invalid signature\n    at /home/valmira_contracts_server/node_modules/jsonwebtoken/verify.js:171:19\n    at getSecret (/home/valmira_contracts_server/node_modules/jsonwebtoken/verify.js:97:14)\n    at module.exports [as verify] (/home/valmira_contracts_server/node_modules/jsonwebtoken/verify.js:101:10)\n    at authenticateToken (/home/valmira_contracts_server/src/index.js:79:25)\n    at Layer.handle [as handle_request] (/home/valmira_contracts_server/node_modules/express/lib/router/layer.js:95:5)\n    at next (/home/valmira_contracts_server/node_modules/express/lib/router/route.js:149:13)\n    at Route.dispatch (/home/valmira_contracts_server/node_modules/express/lib/router/route.js:119:3)\n    at Layer.handle [as handle_request] (/home/valmira_contracts_server/node_modules/express/lib/router/layer.js:95:5)\n    at /home/valmira_contracts_server/node_modules/express/lib/router/index.js:284:15\n    at Function.process_params (/home/valmira_contracts_server/node_modules/express/lib/router/index.js:346:12)","timestamp":"2025-03-07T18:18:08.493Z"}
{"level":"error","message":"Authentication error: invalid signature","name":"JsonWebTokenError","stack":"JsonWebTokenError: invalid signature\n    at /home/valmira_contracts_server/node_modules/jsonwebtoken/verify.js:171:19\n    at getSecret (/home/valmira_contracts_server/node_modules/jsonwebtoken/verify.js:97:14)\n    at module.exports [as verify] (/home/valmira_contracts_server/node_modules/jsonwebtoken/verify.js:101:10)\n    at authenticateToken (/home/valmira_contracts_server/src/index.js:79:25)\n    at Layer.handle [as handle_request] (/home/valmira_contracts_server/node_modules/express/lib/router/layer.js:95:5)\n    at next (/home/valmira_contracts_server/node_modules/express/lib/router/route.js:149:13)\n    at Route.dispatch (/home/valmira_contracts_server/node_modules/express/lib/router/route.js:119:3)\n    at Layer.handle [as handle_request] (/home/valmira_contracts_server/node_modules/express/lib/router/layer.js:95:5)\n    at /home/valmira_contracts_server/node_modules/express/lib/router/index.js:284:15\n    at Function.process_params (/home/valmira_contracts_server/node_modules/express/lib/router/index.js:346:12)","timestamp":"2025-03-07T18:18:12.463Z"}
{"discord":"","level":"info","message":"Processing contract with social links","telegram":"","templateNumber":0,"timestamp":"2025-03-07T18:32:15.784Z","tokenName":"Crypto Summit","twitter":"","website":"https://summit.xyz"}
{"code":"ERR_INVALID_ARG_TYPE","level":"error","message":"Error deleting file at contracts/ERC20/Crypto_Summit.sol: The \"cb\" argument must be of type function. Received undefined","stack":"TypeError [ERR_INVALID_ARG_TYPE]: The \"cb\" argument must be of type function. Received undefined\n    at makeCallback (node:fs:186:3)\n    at Object.unlink (node:fs:1872:14)\n    at deleteFile (/home/valmira_contracts_server/src/index.js:62:14)\n    at /home/valmira_contracts_server/src/index.js:117:11\n    at Layer.handle [as handle_request] (/home/valmira_contracts_server/node_modules/express/lib/router/layer.js:95:5)\n    at next (/home/valmira_contracts_server/node_modules/express/lib/router/route.js:149:13)\n    at authenticateToken (/home/valmira_contracts_server/src/index.js:81:5)\n    at Layer.handle [as handle_request] (/home/valmira_contracts_server/node_modules/express/lib/router/layer.js:95:5)\n    at next (/home/valmira_contracts_server/node_modules/express/lib/router/route.js:149:13)\n    at Route.dispatch (/home/valmira_contracts_server/node_modules/express/lib/router/route.js:119:3)","timestamp":"2025-03-07T18:32:15.786Z"}
{"level":"info","message":"File cloned and modified successfully: contracts/ERC20/Crypto_Summit.sol","timestamp":"2025-03-07T18:32:15.789Z"}
{"level":"info","message":"Server running on port 32156","timestamp":"2025-03-07T18:35:47.010Z"}
{"discord":"","level":"info","message":"Processing contract with social links","telegram":"","templateNumber":0,"timestamp":"2025-03-07T18:36:05.060Z","tokenName":"Crypto Summit","twitter":"","website":"https://summit.xyz"}
{"level":"info","message":"File at contracts/ERC20/Crypto_Summit.sol was deleted successfully","timestamp":"2025-03-07T18:36:05.061Z"}
{"level":"info","message":"File cloned and modified successfully: contracts/ERC20/Crypto_Summit.sol","timestamp":"2025-03-07T18:36:05.063Z"}
{"discord":"","level":"info","message":"Processing contract with social links","telegram":"","templateNumber":0,"timestamp":"2025-03-07T18:39:14.104Z","tokenName":"Crypto Summit","twitter":"","website":"https://summit.xyz"}
{"level":"info","message":"File at contracts/ERC20/Crypto_Summit.sol was deleted successfully","timestamp":"2025-03-07T18:39:14.104Z"}
{"level":"info","message":"File cloned and modified successfully: contracts/ERC20/Crypto_Summit.sol","timestamp":"2025-03-07T18:39:14.106Z"}
{"level":"info","message":"Server running on port 32156","timestamp":"2025-03-07T18:46:57.963Z"}
{"environment":"development","level":"info","message":"Contract server started:","port":"32156","timestamp":"2025-03-07T19:08:17.265Z"}
{"environment":"development","level":"info","message":"Contract server started:","port":"32156","timestamp":"2025-03-07T19:20:55.582Z"}
{"level":"info","message":"User authenticated successfully: 67cabcb93a1ba29709873f6d","timestamp":"2025-03-07T19:29:31.536Z"}
{"level":"info","message":"Processing new contract creation request:","socialLinks":{"discord":"not provided","telegram":"not provided","twitter":"not provided","website":"https://summit.xyz"},"templateNumber":0,"timestamp":"2025-03-07T19:29:31.537Z","tokenName":"Crypto Summit"}
{"level":"info","message":"Preparing contract file:","newFileName":"Crypto_Summit","originalTemplate":"MemeToken","timestamp":"2025-03-07T19:29:31.537Z"}
{"level":"info","message":"Contract file deleted successfully: contracts/ERC20/Crypto_Summit.sol","timestamp":"2025-03-07T19:29:31.538Z"}
{"fileName":"Crypto_Summit","filePath":"contracts/ERC20/Crypto_Summit.sol","level":"info","message":"Contract file created successfully:","template":"MemeToken","timestamp":"2025-03-07T19:29:31.541Z"}
{"environment":"development","level":"info","message":"Contract server started:","port":"32156","timestamp":"2025-03-07T20:39:45.121Z"}
{"level":"info","message":"User authenticated successfully: 67cabcb93a1ba29709873f6d","timestamp":"2025-03-07T20:39:53.997Z"}
{"level":"info","message":"Processing new contract creation request:","socialLinks":{"discord":"not provided","telegram":"not provided","twitter":"not provided","website":"https://summit.xyz"},"templateNumber":0,"timestamp":"2025-03-07T20:39:53.997Z","tokenName":"Crypto Summit"}
{"level":"info","message":"Preparing contract file:","newFileName":"Crypto_Summit","originalTemplate":"MemeToken","timestamp":"2025-03-07T20:39:53.998Z"}
{"level":"info","message":"Contract file deleted successfully: contracts/ERC20/Crypto_Summit.sol","timestamp":"2025-03-07T20:39:53.999Z"}
{"fileName":"Crypto_Summit","filePath":"contracts/ERC20/Crypto_Summit.sol","level":"info","message":"Contract file created successfully:","template":"MemeToken","timestamp":"2025-03-07T20:39:54.001Z"}
{"environment":"development","level":"info","message":"Contract server started:","port":"32156","timestamp":"2025-03-07T20:45:18.552Z"}
{"environment":"development","level":"info","message":"Contract server started:","port":"32156","timestamp":"2025-03-07T20:46:30.594Z"}
{"environment":"development","level":"info","message":"Contract server started:","port":"32156","timestamp":"2025-03-07T21:19:41.892Z"}
{"environment":"development","level":"info","message":"Contract server started:","port":"32156","timestamp":"2025-03-07T21:20:04.936Z"}
{"environment":"development","level":"info","message":"Contract server started:","port":"32156","timestamp":"2025-03-07T21:21:37.546Z"}
{"environment":"development","level":"info","message":"Contract server started:","port":"32156","timestamp":"2025-03-07T21:32:36.824Z"}
{"environment":"development","level":"info","message":"Contract server started:","port":"32156","timestamp":"2025-03-07T21:33:55.090Z"}
{"environment":"development","level":"info","message":"Contract server started:","port":"32156","timestamp":"2025-03-07T21:47:01.018Z"}
{"environment":"development","level":"info","message":"Contract server started:","port":"32156","timestamp":"2025-03-07T21:49:23.965Z"}
{"environment":"development","level":"info","message":"Contract server started:","port":"32156","timestamp":"2025-03-07T22:12:45.254Z"}
{"environment":"development","level":"info","message":"Contract server started:","port":"32156","timestamp":"2025-03-07T22:13:05.126Z"}
{"environment":"development","level":"info","message":"Contract server started:","port":"32156","timestamp":"2025-03-07T22:22:51.327Z"}
{"environment":"development","level":"info","message":"Contract server started:","port":"32156","timestamp":"2025-03-08T11:05:41.617Z","workers":12}
{"level":"info","message":"User authenticated successfully: 67cabcb93a1ba29709873f6d","timestamp":"2025-03-08T11:08:29.968Z"}
{"level":"info","message":"Processing new contract creation request:","socialLinks":{"discord":"not provided","telegram":"not provided","twitter":"not provided","website":"not provided"},"templateNumber":0,"timestamp":"2025-03-08T11:08:29.969Z","tokenName":"Crypto Summit"}
{"level":"info","message":"No social links provided, skipping header modification","timestamp":"2025-03-08T11:08:29.969Z"}
{"level":"info","message":"Preparing contract file:","newFileName":"Crypto_Summit","originalTemplate":"MemeToken","timestamp":"2025-03-08T11:08:29.970Z"}
{"fileName":"Crypto_Summit","filePath":"contracts/ERC20/Crypto_Summit.sol","level":"info","message":"Contract file created successfully:","timestamp":"2025-03-08T11:08:29.972Z"}
{"level":"info","message":"Compiling contract...","timestamp":"2025-03-08T11:08:29.972Z"}
{"level":"info","message":"Compilation output:","stdout":"Generating typings for: 18 artifacts in dir: typechain for target: ethers-v5\nSuccessfully generated 26 typings!\nCompiled 2 Solidity files successfully (evm target: paris).\n","timestamp":"2025-03-08T11:08:32.394Z"}
{"level":"info","message":"Reading compiled contract:","path":"artifacts/contracts/ERC20/Crypto_Summit.sol/Crypto_Summit.json","timestamp":"2025-03-08T11:08:32.394Z"}
{"bytecodeLength":47850,"fileName":"Crypto_Summit","level":"info","message":"Contract compilation successful","timestamp":"2025-03-08T11:08:32.396Z"}
{"level":"info","message":"User authenticated successfully: 67cabcb93a1ba29709873f6d","timestamp":"2025-03-08T11:09:03.979Z"}
{"level":"info","message":"Processing new contract creation request:","socialLinks":{"discord":"not provided","telegram":"not provided","twitter":"not provided","website":"not provided"},"templateNumber":0,"timestamp":"2025-03-08T11:09:03.979Z","tokenName":"Crypto Summit"}
{"level":"info","message":"No social links provided, skipping header modification","timestamp":"2025-03-08T11:09:03.979Z"}
{"level":"info","message":"Preparing contract file:","newFileName":"Crypto_Summit","originalTemplate":"MemeToken","timestamp":"2025-03-08T11:09:03.980Z"}
{"fileName":"Crypto_Summit","filePath":"contracts/ERC20/Crypto_Summit.sol","level":"info","message":"Contract file created successfully:","timestamp":"2025-03-08T11:09:03.981Z"}
{"level":"info","message":"Compiling contract...","timestamp":"2025-03-08T11:09:03.981Z"}
{"level":"info","message":"Compilation output:","stdout":"Nothing to compile\nNo need to generate any newer typings.\n","timestamp":"2025-03-08T11:09:04.887Z"}
{"level":"info","message":"Reading compiled contract:","path":"artifacts/contracts/ERC20/Crypto_Summit.sol/Crypto_Summit.json","timestamp":"2025-03-08T11:09:04.887Z"}
{"bytecodeLength":47850,"fileName":"Crypto_Summit","level":"info","message":"Contract compilation successful","timestamp":"2025-03-08T11:09:04.888Z"}
{"level":"info","message":"Received SIGINT signal, shutting down...","timestamp":"2025-03-08T11:09:39.302Z"}
{"environment":"development","level":"info","message":"Contract server started:","port":"32156","timestamp":"2025-03-08T11:09:46.557Z","workers":12}
{"level":"info","message":"User authenticated successfully: 67cabcb93a1ba29709873f6d","timestamp":"2025-03-08T11:32:17.093Z"}
{"level":"info","message":"Processing new contract creation request:","socialLinks":{"discord":"not provided","telegram":"not provided","twitter":"not provided","website":"not provided"},"templateNumber":0,"timestamp":"2025-03-08T11:32:17.094Z","tokenName":"Crypto Summit"}
{"level":"info","message":"No social links provided, skipping header modification","timestamp":"2025-03-08T11:32:17.094Z"}
{"level":"info","message":"Preparing contract file:","newFileName":"Crypto_Summit","originalTemplate":"MemeToken","timestamp":"2025-03-08T11:32:17.094Z"}
{"fileName":"Crypto_Summit","filePath":"contracts/ERC20/Crypto_Summit.sol","level":"info","message":"Contract file created successfully:","timestamp":"2025-03-08T11:32:17.097Z"}
{"level":"info","message":"Compiling contract...","timestamp":"2025-03-08T11:32:17.097Z"}
{"level":"info","message":"Compilation output:","stdout":"Nothing to compile\nNo need to generate any newer typings.\n","timestamp":"2025-03-08T11:32:17.996Z"}
{"level":"info","message":"Reading compiled contract:","path":"artifacts/contracts/ERC20/Crypto_Summit.sol/Crypto_Summit.json","timestamp":"2025-03-08T11:32:17.996Z"}
{"bytecodeLength":47850,"fileName":"Crypto_Summit","level":"info","message":"Contract compilation successful","timestamp":"2025-03-08T11:32:17.998Z"}
{"level":"info","message":"User authenticated successfully: 67cabcb93a1ba29709873f6d","timestamp":"2025-03-08T11:34:10.715Z"}
{"level":"info","message":"Processing new contract creation request:","socialLinks":{"discord":"not provided","telegram":"not provided","twitter":"not provided","website":"not provided"},"templateNumber":0,"timestamp":"2025-03-08T11:34:10.715Z","tokenName":"Crypto Summit"}
{"level":"info","message":"No social links provided, skipping header modification","timestamp":"2025-03-08T11:34:10.715Z"}
{"level":"info","message":"Preparing contract file:","newFileName":"Crypto_Summit","originalTemplate":"MemeToken","timestamp":"2025-03-08T11:34:10.715Z"}
{"fileName":"Crypto_Summit","filePath":"contracts/ERC20/Crypto_Summit.sol","level":"info","message":"Contract file created successfully:","timestamp":"2025-03-08T11:34:10.717Z"}
{"level":"info","message":"Compiling contract...","timestamp":"2025-03-08T11:34:10.717Z"}
{"level":"info","message":"Compilation output:","stdout":"Nothing to compile\nNo need to generate any newer typings.\n","timestamp":"2025-03-08T11:34:11.624Z"}
{"level":"info","message":"Reading compiled contract:","path":"artifacts/contracts/ERC20/Crypto_Summit.sol/Crypto_Summit.json","timestamp":"2025-03-08T11:34:11.624Z"}
{"bytecodeLength":47850,"fileName":"Crypto_Summit","level":"info","message":"Contract compilation successful","timestamp":"2025-03-08T11:34:11.625Z"}
{"level":"info","message":"User authenticated successfully: 67cabcb93a1ba29709873f6d","timestamp":"2025-03-08T11:38:50.268Z"}
{"level":"info","message":"Processing new contract creation request:","socialLinks":{"discord":"not provided","telegram":"not provided","twitter":"not provided","website":"not provided"},"templateNumber":0,"timestamp":"2025-03-08T11:38:50.268Z","tokenName":"Crypto Summit"}
{"level":"info","message":"No social links provided, skipping header modification","timestamp":"2025-03-08T11:38:50.268Z"}
{"level":"info","message":"Preparing contract file:","newFileName":"Crypto_Summit","originalTemplate":"MemeToken","timestamp":"2025-03-08T11:38:50.268Z"}
{"fileName":"Crypto_Summit","filePath":"contracts/ERC20/Crypto_Summit.sol","level":"info","message":"Contract file created successfully:","timestamp":"2025-03-08T11:38:50.270Z"}
{"level":"info","message":"Compiling contract...","timestamp":"2025-03-08T11:38:50.270Z"}
{"level":"info","message":"Compilation output:","stdout":"Nothing to compile\nNo need to generate any newer typings.\n","timestamp":"2025-03-08T11:38:51.157Z"}
{"level":"info","message":"Reading compiled contract:","path":"artifacts/contracts/ERC20/Crypto_Summit.sol/Crypto_Summit.json","timestamp":"2025-03-08T11:38:51.158Z"}
{"bytecodeLength":47850,"fileName":"Crypto_Summit","level":"info","message":"Contract compilation successful","timestamp":"2025-03-08T11:38:51.159Z"}
{"level":"info","message":"User authenticated successfully: 67cabcb93a1ba29709873f6d","timestamp":"2025-03-08T11:48:57.582Z"}
{"level":"info","message":"Processing new contract creation request:","socialLinks":{"discord":"not provided","telegram":"not provided","twitter":"not provided","website":"not provided"},"templateNumber":0,"timestamp":"2025-03-08T11:48:57.582Z","tokenName":"Crypto Summit"}
{"level":"info","message":"No social links provided, skipping header modification","timestamp":"2025-03-08T11:48:57.582Z"}
{"level":"info","message":"Preparing contract file:","newFileName":"Crypto_Summit","originalTemplate":"MemeToken","timestamp":"2025-03-08T11:48:57.582Z"}
{"fileName":"Crypto_Summit","filePath":"contracts/ERC20/Crypto_Summit.sol","level":"info","message":"Contract file created successfully:","timestamp":"2025-03-08T11:48:57.584Z"}
{"level":"info","message":"Compiling contract...","timestamp":"2025-03-08T11:48:57.584Z"}
{"level":"info","message":"Compilation output:","stdout":"Nothing to compile\nNo need to generate any newer typings.\n","timestamp":"2025-03-08T11:48:58.483Z"}
{"level":"info","message":"Reading compiled contract:","path":"artifacts/contracts/ERC20/Crypto_Summit.sol/Crypto_Summit.json","timestamp":"2025-03-08T11:48:58.483Z"}
{"bytecodeLength":47850,"fileName":"Crypto_Summit","level":"info","message":"Contract compilation successful","timestamp":"2025-03-08T11:48:58.484Z"}
{"level":"info","message":"User authenticated successfully: 67cabcb93a1ba29709873f6d","timestamp":"2025-03-08T11:52:16.869Z"}
{"level":"info","message":"Processing new contract creation request:","socialLinks":{"discord":"not provided","telegram":"not provided","twitter":"not provided","website":"not provided"},"templateNumber":0,"timestamp":"2025-03-08T11:52:16.869Z","tokenName":"Crypto Summit"}
{"level":"info","message":"No social links provided, skipping header modification","timestamp":"2025-03-08T11:52:16.870Z"}
{"level":"info","message":"Preparing contract file:","newFileName":"Crypto_Summit","originalTemplate":"MemeToken","timestamp":"2025-03-08T11:52:16.870Z"}
{"fileName":"Crypto_Summit","filePath":"contracts/ERC20/Crypto_Summit.sol","level":"info","message":"Contract file created successfully:","timestamp":"2025-03-08T11:52:16.871Z"}
{"level":"info","message":"Compiling contract...","timestamp":"2025-03-08T11:52:16.871Z"}
{"level":"info","message":"Compilation output:","stdout":"Nothing to compile\nNo need to generate any newer typings.\n","timestamp":"2025-03-08T11:52:17.798Z"}
{"level":"info","message":"Reading compiled contract:","path":"artifacts/contracts/ERC20/Crypto_Summit.sol/Crypto_Summit.json","timestamp":"2025-03-08T11:52:17.798Z"}
{"bytecodeLength":47850,"fileName":"Crypto_Summit","level":"info","message":"Contract compilation successful","timestamp":"2025-03-08T11:52:17.799Z"}
{"level":"info","message":"User authenticated successfully: 67cabcb93a1ba29709873f6d","timestamp":"2025-03-08T12:30:58.338Z"}
{"level":"info","message":"Processing new contract creation request:","socialLinks":{"discord":"not provided","telegram":"not provided","twitter":"not provided","website":"not provided"},"templateNumber":0,"timestamp":"2025-03-08T12:30:58.338Z","tokenName":"Crypto Summit"}
{"level":"info","message":"No social links provided, skipping header modification","timestamp":"2025-03-08T12:30:58.338Z"}
{"level":"info","message":"Preparing contract file:","newFileName":"Crypto_Summit","originalTemplate":"MemeToken","timestamp":"2025-03-08T12:30:58.338Z"}
{"fileName":"Crypto_Summit","filePath":"contracts/ERC20/Crypto_Summit.sol","level":"info","message":"Contract file created successfully:","timestamp":"2025-03-08T12:30:58.340Z"}
{"level":"info","message":"Compiling contract...","timestamp":"2025-03-08T12:30:58.340Z"}
{"level":"info","message":"Compilation output:","stdout":"Nothing to compile\nNo need to generate any newer typings.\n","timestamp":"2025-03-08T12:30:59.292Z"}
{"level":"info","message":"Reading compiled contract:","path":"artifacts/contracts/ERC20/Crypto_Summit.sol/Crypto_Summit.json","timestamp":"2025-03-08T12:30:59.292Z"}
{"bytecodeLength":47850,"fileName":"Crypto_Summit","level":"info","message":"Contract compilation successful","timestamp":"2025-03-08T12:30:59.292Z"}
{"code":"JsonWebTokenError","error":"jwt malformed","level":"error","message":"Authentication failed:","timestamp":"2025-03-08T12:33:51.686Z"}
{"code":"JsonWebTokenError","error":"jwt malformed","level":"error","message":"Authentication failed:","timestamp":"2025-03-08T12:33:54.345Z"}
{"code":"JsonWebTokenError","error":"jwt malformed","level":"error","message":"Authentication failed:","timestamp":"2025-03-08T12:33:57.663Z"}
{"code":"JsonWebTokenError","error":"jwt malformed","level":"error","message":"Authentication failed:","timestamp":"2025-03-08T12:34:00.327Z"}
{"level":"info","message":"User authenticated successfully: 67cabcb93a1ba29709873f6d","timestamp":"2025-03-08T12:34:43.861Z"}
{"level":"info","message":"Processing new contract creation request:","socialLinks":{"discord":"not provided","telegram":"not provided","twitter":"not provided","website":"not provided"},"templateNumber":0,"timestamp":"2025-03-08T12:34:43.861Z","tokenName":"Crypto Summit"}
{"level":"info","message":"No social links provided, skipping header modification","timestamp":"2025-03-08T12:34:43.861Z"}
{"level":"info","message":"Preparing contract file:","newFileName":"Crypto_Summit","originalTemplate":"MemeToken","timestamp":"2025-03-08T12:34:43.861Z"}
{"fileName":"Crypto_Summit","filePath":"contracts/ERC20/Crypto_Summit.sol","level":"info","message":"Contract file created successfully:","timestamp":"2025-03-08T12:34:43.862Z"}
{"level":"info","message":"Compiling contract...","timestamp":"2025-03-08T12:34:43.862Z"}
{"level":"info","message":"Compilation output:","stdout":"Nothing to compile\nNo need to generate any newer typings.\n","timestamp":"2025-03-08T12:34:44.763Z"}
{"level":"info","message":"Reading compiled contract:","path":"artifacts/contracts/ERC20/Crypto_Summit.sol/Crypto_Summit.json","timestamp":"2025-03-08T12:34:44.763Z"}
{"bytecodeLength":47850,"fileName":"Crypto_Summit","level":"info","message":"Contract compilation successful","timestamp":"2025-03-08T12:34:44.764Z"}
{"environment":"production","level":"info","message":"Contract server started:","port":"32156","timestamp":"2025-03-09T03:15:33.539Z","workers":12}
{"environment":"production","level":"info","message":"Contract server started:","port":"32156","timestamp":"2025-03-09T14:58:40.835Z","workers":12}
{"environment":"production","level":"info","message":"Contract server started:","port":"32156","timestamp":"2025-03-10T04:31:59.554Z","workers":12}
{"level":"info","message":"User authenticated successfully: 67cabcb93a1ba29709873f6d","timestamp":"2025-03-10T04:33:44.944Z"}
{"level":"info","message":"Processing new contract creation request:","socialLinks":{"discord":"not provided","telegram":"not provided","twitter":"not provided","website":"not provided"},"templateNumber":0,"timestamp":"2025-03-10T04:33:44.945Z","tokenName":"Crypto Summit"}
{"level":"info","message":"No social links provided, skipping header modification","timestamp":"2025-03-10T04:33:44.945Z"}
{"level":"info","message":"Preparing contract file:","newFileName":"Crypto_Summit","originalTemplate":"MemeToken","timestamp":"2025-03-10T04:33:44.946Z"}
{"fileName":"Crypto_Summit","filePath":"contracts/ERC20/Crypto_Summit.sol","level":"info","message":"Contract file created successfully:","timestamp":"2025-03-10T04:33:44.948Z"}
{"level":"info","message":"Compiling contract...","timestamp":"2025-03-10T04:33:44.948Z"}
{"level":"info","message":"Compilation output:","stdout":"Nothing to compile\nNo need to generate any newer typings.\n","timestamp":"2025-03-10T04:33:45.844Z"}
{"level":"info","message":"Reading compiled contract:","path":"artifacts/contracts/ERC20/Crypto_Summit.sol/Crypto_Summit.json","timestamp":"2025-03-10T04:33:45.844Z"}
{"bytecodeLength":47850,"fileName":"Crypto_Summit","level":"info","message":"Contract compilation successful","timestamp":"2025-03-10T04:33:45.845Z"}
{"level":"info","message":"User authenticated successfully: 67cabcb93a1ba29709873f6d","timestamp":"2025-03-10T05:18:12.890Z"}
{"level":"info","message":"Processing new contract creation request:","socialLinks":{"discord":"not provided","telegram":"not provided","twitter":"not provided","website":"not provided"},"templateNumber":0,"timestamp":"2025-03-10T05:18:12.890Z","tokenName":"Crypto Summit"}
{"level":"info","message":"No social links provided, skipping header modification","timestamp":"2025-03-10T05:18:12.890Z"}
{"level":"info","message":"Preparing contract file:","newFileName":"Crypto_Summit","originalTemplate":"MemeToken","timestamp":"2025-03-10T05:18:12.890Z"}
{"fileName":"Crypto_Summit","filePath":"contracts/ERC20/Crypto_Summit.sol","level":"info","message":"Contract file created successfully:","timestamp":"2025-03-10T05:18:12.892Z"}
{"level":"info","message":"Compiling contract...","timestamp":"2025-03-10T05:18:12.892Z"}
{"level":"info","message":"Compilation output:","stdout":"Nothing to compile\nNo need to generate any newer typings.\n","timestamp":"2025-03-10T05:18:13.793Z"}
{"level":"info","message":"Reading compiled contract:","path":"artifacts/contracts/ERC20/Crypto_Summit.sol/Crypto_Summit.json","timestamp":"2025-03-10T05:18:13.793Z"}
{"bytecodeLength":47850,"fileName":"Crypto_Summit","level":"info","message":"Contract compilation successful","timestamp":"2025-03-10T05:18:13.793Z"}
{"environment":"development","level":"info","message":"Contract server started:","port":"32156","timestamp":"2025-03-10T07:23:20.133Z","workers":12}
{"level":"info","message":"User authenticated successfully: 67ce9697f75146ff263ca7e5","timestamp":"2025-03-10T07:54:46.640Z"}
{"level":"info","message":"Processing new contract creation request:","socialLinks":{"discord":"not provided","telegram":"not provided","twitter":"not provided","website":"not provided"},"templateNumber":0,"timestamp":"2025-03-10T07:54:46.641Z","tokenName":"Flappybird"}
{"level":"info","message":"No social links provided, skipping header modification","timestamp":"2025-03-10T07:54:46.642Z"}
{"level":"info","message":"Preparing contract file:","newFileName":"Flappybird","originalTemplate":"MemeToken","timestamp":"2025-03-10T07:54:46.642Z"}
{"level":"info","message":"No existing contract file found at: contracts/ERC20/Flappybird.sol","timestamp":"2025-03-10T07:54:46.643Z"}
{"fileName":"Flappybird","filePath":"contracts/ERC20/Flappybird.sol","level":"info","message":"Contract file created successfully:","timestamp":"2025-03-10T07:54:46.645Z"}
{"level":"info","message":"Compiling contract...","timestamp":"2025-03-10T07:54:46.645Z"}
{"level":"info","message":"Compilation output:","stdout":"Generating typings for: 9 artifacts in dir: typechain for target: ethers-v5\nSuccessfully generated 17 typings!\nCompiled 1 Solidity file successfully (evm target: paris).\n","timestamp":"2025-03-10T07:54:48.480Z"}
{"level":"info","message":"Reading compiled contract:","path":"artifacts/contracts/ERC20/Flappybird.sol/Flappybird.json","timestamp":"2025-03-10T07:54:48.481Z"}
{"bytecodeLength":47850,"fileName":"Flappybird","level":"info","message":"Contract compilation successful","timestamp":"2025-03-10T07:54:48.482Z"}
{"level":"info","message":"User authenticated successfully: 67ce9697f75146ff263ca7e5","timestamp":"2025-03-10T07:54:55.255Z"}
{"level":"info","message":"Processing new contract creation request:","socialLinks":{"discord":"not provided","telegram":"not provided","twitter":"not provided","website":"not provided"},"templateNumber":0,"timestamp":"2025-03-10T07:54:55.255Z","tokenName":"Flappybird"}
{"level":"info","message":"No social links provided, skipping header modification","timestamp":"2025-03-10T07:54:55.255Z"}
{"level":"info","message":"Preparing contract file:","newFileName":"Flappybird","originalTemplate":"MemeToken","timestamp":"2025-03-10T07:54:55.255Z"}
{"fileName":"Flappybird","filePath":"contracts/ERC20/Flappybird.sol","level":"info","message":"Contract file created successfully:","timestamp":"2025-03-10T07:54:55.256Z"}
{"level":"info","message":"Compiling contract...","timestamp":"2025-03-10T07:54:55.257Z"}
{"level":"info","message":"Compilation output:","stdout":"Nothing to compile\nNo need to generate any newer typings.\n","timestamp":"2025-03-10T07:54:56.159Z"}
{"level":"info","message":"Reading compiled contract:","path":"artifacts/contracts/ERC20/Flappybird.sol/Flappybird.json","timestamp":"2025-03-10T07:54:56.159Z"}
{"bytecodeLength":47850,"fileName":"Flappybird","level":"info","message":"Contract compilation successful","timestamp":"2025-03-10T07:54:56.160Z"}
{"level":"info","message":"User authenticated successfully: 67ce9697f75146ff263ca7e5","timestamp":"2025-03-10T07:55:01.432Z"}
{"level":"info","message":"Processing new contract creation request:","socialLinks":{"discord":"not provided","telegram":"not provided","twitter":"not provided","website":"not provided"},"templateNumber":0,"timestamp":"2025-03-10T07:55:01.432Z","tokenName":"Flappybird"}
{"level":"info","message":"No social links provided, skipping header modification","timestamp":"2025-03-10T07:55:01.432Z"}
{"level":"info","message":"Preparing contract file:","newFileName":"Flappybird","originalTemplate":"MemeToken","timestamp":"2025-03-10T07:55:01.432Z"}
{"fileName":"Flappybird","filePath":"contracts/ERC20/Flappybird.sol","level":"info","message":"Contract file created successfully:","timestamp":"2025-03-10T07:55:01.433Z"}
{"level":"info","message":"Compiling contract...","timestamp":"2025-03-10T07:55:01.434Z"}
{"level":"info","message":"Compilation output:","stdout":"Nothing to compile\nNo need to generate any newer typings.\n","timestamp":"2025-03-10T07:55:02.333Z"}
{"level":"info","message":"Reading compiled contract:","path":"artifacts/contracts/ERC20/Flappybird.sol/Flappybird.json","timestamp":"2025-03-10T07:55:02.333Z"}
{"bytecodeLength":47850,"fileName":"Flappybird","level":"info","message":"Contract compilation successful","timestamp":"2025-03-10T07:55:02.334Z"}
{"level":"info","message":"User authenticated successfully: 67ce9697f75146ff263ca7e5","timestamp":"2025-03-10T07:55:08.201Z"}
{"level":"info","message":"Processing new contract creation request:","socialLinks":{"discord":"not provided","telegram":"not provided","twitter":"not provided","website":"not provided"},"templateNumber":0,"timestamp":"2025-03-10T07:55:08.201Z","tokenName":"Flappybird"}
{"level":"info","message":"No social links provided, skipping header modification","timestamp":"2025-03-10T07:55:08.201Z"}
{"level":"info","message":"Preparing contract file:","newFileName":"Flappybird","originalTemplate":"MemeToken","timestamp":"2025-03-10T07:55:08.202Z"}
{"fileName":"Flappybird","filePath":"contracts/ERC20/Flappybird.sol","level":"info","message":"Contract file created successfully:","timestamp":"2025-03-10T07:55:08.203Z"}
{"level":"info","message":"Compiling contract...","timestamp":"2025-03-10T07:55:08.203Z"}
{"level":"info","message":"Compilation output:","stdout":"Nothing to compile\nNo need to generate any newer typings.\n","timestamp":"2025-03-10T07:55:09.081Z"}
{"level":"info","message":"Reading compiled contract:","path":"artifacts/contracts/ERC20/Flappybird.sol/Flappybird.json","timestamp":"2025-03-10T07:55:09.081Z"}
{"bytecodeLength":47850,"fileName":"Flappybird","level":"info","message":"Contract compilation successful","timestamp":"2025-03-10T07:55:09.083Z"}
{"code":"JsonWebTokenError","error":"jwt malformed","level":"error","message":"Authentication failed:","timestamp":"2025-03-10T08:01:54.164Z"}
{"code":"JsonWebTokenError","error":"jwt malformed","level":"error","message":"Authentication failed:","timestamp":"2025-03-10T08:01:57.065Z"}
{"code":"JsonWebTokenError","error":"jwt malformed","level":"error","message":"Authentication failed:","timestamp":"2025-03-10T08:02:01.294Z"}
{"code":"JsonWebTokenError","error":"jwt malformed","level":"error","message":"Authentication failed:","timestamp":"2025-03-10T08:02:04.182Z"}
{"level":"info","message":"User authenticated successfully: 67ce9697f75146ff263ca7e5","timestamp":"2025-03-10T08:04:30.697Z"}
{"level":"info","message":"Processing new contract creation request:","socialLinks":{"discord":"not provided","telegram":"not provided","twitter":"https://x.com/flappysolgame","website":"https://flappygame.money/"},"templateNumber":0,"timestamp":"2025-03-10T08:04:30.698Z","tokenName":"Flappybird"}
{"level":"info","message":"Preparing contract file:","newFileName":"Flappybird","originalTemplate":"MemeToken","timestamp":"2025-03-10T08:04:30.698Z"}
{"fileName":"Flappybird","filePath":"contracts/ERC20/Flappybird.sol","level":"info","message":"Contract file created successfully:","timestamp":"2025-03-10T08:04:30.699Z"}
{"level":"info","message":"Compiling contract...","timestamp":"2025-03-10T08:04:30.699Z"}
{"level":"info","message":"Compilation output:","stdout":"Generating typings for: 9 artifacts in dir: typechain for target: ethers-v5\nSuccessfully generated 17 typings!\nCompiled 1 Solidity file successfully (evm target: paris).\n","timestamp":"2025-03-10T08:04:32.642Z"}
{"level":"info","message":"Reading compiled contract:","path":"artifacts/contracts/ERC20/Flappybird.sol/Flappybird.json","timestamp":"2025-03-10T08:04:32.642Z"}
{"bytecodeLength":47850,"fileName":"Flappybird","level":"info","message":"Contract compilation successful","timestamp":"2025-03-10T08:04:32.643Z"}
{"level":"info","message":"User authenticated successfully: 67ce9697f75146ff263ca7e5","timestamp":"2025-03-10T08:04:38.484Z"}
{"level":"info","message":"Processing new contract creation request:","socialLinks":{"discord":"not provided","telegram":"not provided","twitter":"https://x.com/flappysolgame","website":"https://flappygame.money/"},"templateNumber":0,"timestamp":"2025-03-10T08:04:38.484Z","tokenName":"Flappybird"}
{"level":"info","message":"Preparing contract file:","newFileName":"Flappybird","originalTemplate":"MemeToken","timestamp":"2025-03-10T08:04:38.484Z"}
{"fileName":"Flappybird","filePath":"contracts/ERC20/Flappybird.sol","level":"info","message":"Contract file created successfully:","timestamp":"2025-03-10T08:04:38.486Z"}
{"level":"info","message":"Compiling contract...","timestamp":"2025-03-10T08:04:38.486Z"}
{"level":"info","message":"Compilation output:","stdout":"Nothing to compile\nNo need to generate any newer typings.\n","timestamp":"2025-03-10T08:04:39.380Z"}
{"level":"info","message":"Reading compiled contract:","path":"artifacts/contracts/ERC20/Flappybird.sol/Flappybird.json","timestamp":"2025-03-10T08:04:39.381Z"}
{"bytecodeLength":47850,"fileName":"Flappybird","level":"info","message":"Contract compilation successful","timestamp":"2025-03-10T08:04:39.381Z"}
{"level":"info","message":"User authenticated successfully: 67ce9697f75146ff263ca7e5","timestamp":"2025-03-10T08:04:44.300Z"}
{"level":"info","message":"Processing new contract creation request:","socialLinks":{"discord":"not provided","telegram":"not provided","twitter":"https://x.com/flappysolgame","website":"https://flappygame.money/"},"templateNumber":0,"timestamp":"2025-03-10T08:04:44.301Z","tokenName":"Flappybird"}
{"level":"info","message":"Preparing contract file:","newFileName":"Flappybird","originalTemplate":"MemeToken","timestamp":"2025-03-10T08:04:44.301Z"}
{"fileName":"Flappybird","filePath":"contracts/ERC20/Flappybird.sol","level":"info","message":"Contract file created successfully:","timestamp":"2025-03-10T08:04:44.302Z"}
{"level":"info","message":"Compiling contract...","timestamp":"2025-03-10T08:04:44.302Z"}
{"level":"info","message":"Compilation output:","stdout":"Nothing to compile\nNo need to generate any newer typings.\n","timestamp":"2025-03-10T08:04:45.202Z"}
{"level":"info","message":"Reading compiled contract:","path":"artifacts/contracts/ERC20/Flappybird.sol/Flappybird.json","timestamp":"2025-03-10T08:04:45.202Z"}
{"bytecodeLength":47850,"fileName":"Flappybird","level":"info","message":"Contract compilation successful","timestamp":"2025-03-10T08:04:45.203Z"}
{"level":"info","message":"User authenticated successfully: 67ce9697f75146ff263ca7e5","timestamp":"2025-03-10T08:04:52.064Z"}
{"level":"info","message":"Processing new contract creation request:","socialLinks":{"discord":"not provided","telegram":"not provided","twitter":"https://x.com/flappysolgame","website":"https://flappygame.money/"},"templateNumber":0,"timestamp":"2025-03-10T08:04:52.064Z","tokenName":"Flappybird"}
{"level":"info","message":"Preparing contract file:","newFileName":"Flappybird","originalTemplate":"MemeToken","timestamp":"2025-03-10T08:04:52.064Z"}
{"fileName":"Flappybird","filePath":"contracts/ERC20/Flappybird.sol","level":"info","message":"Contract file created successfully:","timestamp":"2025-03-10T08:04:52.065Z"}
{"level":"info","message":"Compiling contract...","timestamp":"2025-03-10T08:04:52.065Z"}
{"level":"info","message":"Compilation output:","stdout":"Nothing to compile\nNo need to generate any newer typings.\n","timestamp":"2025-03-10T08:04:52.962Z"}
{"level":"info","message":"Reading compiled contract:","path":"artifacts/contracts/ERC20/Flappybird.sol/Flappybird.json","timestamp":"2025-03-10T08:04:52.963Z"}
{"bytecodeLength":47850,"fileName":"Flappybird","level":"info","message":"Contract compilation successful","timestamp":"2025-03-10T08:04:52.963Z"}
{"level":"info","message":"Received SIGINT signal, shutting down...","timestamp":"2025-03-10T08:17:34.776Z"}
{"environment":"development","level":"info","message":"Contract server started:","port":"32156","timestamp":"2025-03-10T08:17:35.334Z","workers":12}
{"level":"info","message":"Received SIGINT signal, shutting down...","timestamp":"2025-03-10T08:53:00.557Z"}
{"environment":"development","level":"info","message":"Contract server started:","port":"32156","timestamp":"2025-03-10T08:53:11.955Z","workers":12}
{"level":"info","message":"Received SIGINT signal, shutting down...","timestamp":"2025-03-10T08:55:16.606Z"}
{"environment":"development","level":"info","message":"Contract server started:","port":"32156","timestamp":"2025-03-10T08:55:17.189Z","workers":12}
{"level":"info","message":"Received SIGINT signal, shutting down...","timestamp":"2025-03-10T09:08:43.923Z"}
{"environment":"development","level":"info","message":"Contract server started:","port":"32156","timestamp":"2025-03-10T09:08:44.512Z","workers":12}
{"level":"info","message":"Received SIGINT signal, shutting down...","timestamp":"2025-03-10T09:12:00.015Z"}
{"environment":"development","level":"info","message":"Contract server started:","port":"32156","timestamp":"2025-03-10T09:12:00.585Z","workers":12}
{"level":"info","message":"Received SIGINT signal, shutting down...","timestamp":"2025-03-10T09:18:57.233Z"}
{"environment":"development","level":"info","message":"Contract server started:","port":"32156","timestamp":"2025-03-10T09:18:57.833Z","workers":12}
{"level":"info","message":"Received SIGINT signal, shutting down...","timestamp":"2025-03-10T09:22:05.299Z"}
{"environment":"development","level":"info","message":"Contract server started:","port":"32156","timestamp":"2025-03-10T09:22:41.715Z","workers":12}
{"level":"info","message":"Received SIGINT signal, shutting down...","timestamp":"2025-03-10T09:29:46.523Z"}
{"environment":"development","level":"info","message":"Contract server started:","port":"32156","timestamp":"2025-03-10T09:29:47.143Z","workers":12}
{"level":"info","message":"Received SIGINT signal, shutting down...","timestamp":"2025-03-10T12:03:54.750Z"}
{"environment":"development","level":"info","message":"Contract server started:","port":"32156","timestamp":"2025-03-10T12:03:55.351Z","workers":12}
